particle obihb_qshambler_lightning {
	{
		count				5
		material			textures/obihb/particle_lightning_01
		time				0.010
		cycles				0.000
		bunching			0.000
		distribution		rect 8.000 8.000 8.000 
		direction			cone "0.000" 
		orientation			view 
		speed				 "5.000" 
		size				 "10.000"  to "5.000"
		aspect				 "3.000" 
		randomDistribution				1
		boundsExpansion				0.000
		fadeIn				0.200
		fadeOut				0.200
		fadeIndex				0.000
		color 				0.000 0.420 0.200 1.000
		fadeColor 			0.000 0.000 0.000 1.000
		offset 				0.000 0.000 0.000
		gravity 			0.000
	}
	{
		count				50
		material			textures/particles/spark3
		time				0.400
		cycles				0.000
		bunching			1.000
		distribution		sphere 2.000 2.000 2.000 
		direction			outward "0.000" 
		orientation			aimed 0.000 0.035 
		speed				 "150.000"  to "-150.000"
		size				 "2.500"  to "0.500"
		aspect				 "0.000" 
		randomDistribution				1
		boundsExpansion				0.000
		fadeIn				0.000
		fadeOut				0.000
		fadeIndex				0.000
		color 				0.720 0.790 0.980 1.000
		fadeColor 			0.030 0.000 0.000 1.000
		offset 				0.000 0.000 0.000
		gravity 			0.000
	}
	{
		count				28
		material			textures/particles/smokepuff
		time				0.100
		cycles				0.000
		bunching			1.000
		distribution		sphere 8.000 8.000 8.000 
		direction			outward "0.000" 
		orientation			view 
		speed				 "-30.000"  to "0.000"
		size				 "6.000"  to "5.000"
		aspect				 "3.000"  to "0.000"
		randomDistribution				1
		boundsExpansion				0.000
		fadeIn				0.100
		fadeOut				0.250
		fadeIndex				0.000
		color 				1.000 1.000 1.000 1.000
		fadeColor 			0.000 0.000 0.000 0.000
		offset 				0.000 0.000 0.000
		gravity 			0.000
	}
}

/*
	Generated by the Particle Editor.
	To use the particle editor, launch the game and type 'editParticles' on the console.
*/
particle obihb_qshambler_lightning_trail {
	depthHack	128
	{
		count				100
		material			textures/particles/preamble
		time				1.000
		cycles				0.000
		bunching			1.000
		distribution		rect 60.000 60.000 60.000 
		direction			outward "0.000" 
		orientation			view 
		speed				 "5.000"  to "15.000"
		size				 "50.000"  to "5.000"
		aspect				 "1.000" 
		randomDistribution		10
		boundsExpansion			0.000
		fadeIn				1.000
		fadeOut				1.000
		fadeIndex			0.000
		color 				0.790 0.800 1.000 1.000
		fadeColor 			0.000 0.000 0.000 0.000
		offset 				0.000 0.000 0.000
		gravity 			world -60.000
	}
	{
		count				20
		material			textures/obihb/particle_lightning_03
		time				0.150
		cycles				0.000
		bunching			1.000
		distribution		sphere 10.000 10.000 10.000 
		direction			outward "0.000" 
		orientation			view 
		speed				 "300.000"  to "0.000"
		size				 "20.000"  to "10.000"
		aspect				 "3.000"  to "1.000"
		rotation				 "3000.000" 
		randomDistribution				1
		boundsExpansion				0.000
		fadeIn				0.000
		fadeOut				0.500
		fadeIndex				0.000
		color 				1.000 1.000 1.000 1.000
		fadeColor 			0.000 0.000 0.000 0.000
		offset 				0.000 0.000 0.000
		gravity 			0.000
	}
	{
		count				10
		material			textures/obihb/particle_lightning_04
		time				0.500
		cycles				0.000
		bunching			1.000
		distribution		rect 10.000 10.000 10.000 
		direction			outward "0.000" 
		orientation			view 
		speed				 "0.000" 
		size				 "30.000"  to "10.000"
		aspect				 "1.000" 
		rotation				 "-2000.000" 
		randomDistribution				1
		boundsExpansion				0.000
		fadeIn				0.100
		fadeOut				0.500
		fadeIndex				0.500
		color 				1.000 1.000 1.000 1.000
		fadeColor 			0.000 0.000 0.000 0.000
		offset 				0.000 0.000 0.000
		gravity 			0.000
	}
	{
		count				20
		material			textures/particles/s_lightning_whi
		time				0.700
		cycles				0.000
		bunching			1.000
		distribution		rect 20.000 20.000 20.000 
		direction			cone "180.000" 
		orientation			aimed 0.000 10.000 
		speed				 "5.000"  to "0.000"
		size				 "40.000"  to "0.000"
		aspect				 "8.000"  to "0.000"
		randomDistribution				1
		boundsExpansion				0.000
		fadeIn				0.500
		fadeOut				1.000
		fadeIndex				0.000
		color 				0.590 0.690 1.000 1.000
		fadeColor 			0.000 0.000 0.000 0.000
		offset 				0.000 0.000 0.000
		gravity 			0.000
	}
	{
		count				50
		material			textures/particles/preamble
		time				1.000
		cycles				0.000
		bunching			1.000
		distribution		rect 1.000 1.000 1.000 
		direction			outward "0.000" 
		orientation			view 
		speed				 "0.000"  to "100.000"
		size				 "10.000"  to "50.000"
		aspect				 "1.000" 
		rotation				 "100.000"  to "0.000"
		randomDistribution				1
		boundsExpansion				0.000
		fadeIn				0.250
		fadeOut				1.000
		fadeIndex				1.000
		color 				0.790 0.800 1.000 1.000
		fadeColor 			0.000 0.000 0.000 0.000
		offset 				0.000 0.000 0.000
		gravity 			world 10.000
	}
}

/*
	Generated by the Particle Editor.
	To use the particle editor, launch the game and type 'editParticles' on the console.
*/
particle obihb_qshambler_explosion {
	depthHack	128
	{
		count				2
		material			textures/particles/boomboom
		time				0.400
		cycles				1.000
		bunching			1.000
		distribution		rect 0.000 0.000 0.000 
		direction			cone "0.000" 
		orientation			view 
		speed				 "0.000" 
		size				 "0.000"  to "120.000"
		aspect				 "1.000"  to "1.800"
		rotation				 "7.000"  to "0.000"
		randomDistribution				1
		boundsExpansion				0.000
		fadeIn				0.100
		fadeOut				0.650
		fadeIndex				0.000
		color 				0.340 0.470 1.000 1.000
		fadeColor 			0.000 0.000 0.000 1.000
		offset 				0.000 0.000 0.000
		gravity 			-10.000
	}
	{
		count				1
		material			textures/particles/boomboom2
		time				0.400
		cycles				1.000
		bunching			0.150
		distribution		rect 30.000 30.000 30.000 
		direction			cone "0.000" 
		orientation			view 
		speed				 "0.000" 
		size				 "69.500"  to "200.000"
		aspect				 "1.000"  to "1.200"
		randomDistribution				1
		boundsExpansion				0.000
		fadeIn				0.000
		fadeOut				0.250
		fadeIndex				0.000
		color 				0.000 0.370 0.720 1.000
		fadeColor 			0.000 0.000 0.000 1.000
		offset 				0.000 0.000 0.000
		gravity 			1.000
	}
	{
		count				3
		material			textures/particles/boomboom2
		time				0.150
		cycles				1.000
		bunching			0.650
		distribution		sphere 1.000 1.000 1.000 
		direction			outward "0.000" 
		orientation			view 
		speed				 "150.000"  to "159.000"
		size				 "0.000"  to "200.000"
		aspect				 "1.000" 
		randomDistribution				1
		boundsExpansion				0.000
		fadeIn				0.000
		fadeOut				0.350
		fadeIndex				0.000
		color 				0.600 0.720 1.000 1.000
		fadeColor 			0.000 0.000 0.000 1.000
		offset 				0.000 0.000 0.000
		gravity 			0.000
	}
	{
		count				6
		material			textures/particles/barrelpoof
		time				1.600
		cycles				1.000
		bunching			0.200
		distribution		cylinder 30.000 30.000 0.000 0.000 
		direction			outward "0.500" 
		orientation			view 
		speed				 "86.000"  to "0.000"
		size				 "61.500"  to "88.500"
		aspect				 "1.000" 
		rotation				 "90.000"  to "18.000"
		randomDistribution				1
		boundsExpansion				0.000
		fadeIn				1.000
		fadeOut				1.000
		fadeIndex				0.000
		color 				0.260 0.220 0.200 1.000
		fadeColor 			0.000 0.000 0.000 0.000
		offset 				0.000 0.000 0.000
		gravity 			world 3.000
	}
	{
		count				2
		material			textures/particles/barrelpoof
		time				1.600
		cycles				1.000
		bunching			0.000
		distribution		cylinder 0.000 0.000 0.000 0.000 
		direction			outward "0.000" 
		orientation			view 
		speed				 "141.000"  to "0.000"
		size				 "56.000"  to "103.500"
		aspect				 "1.000" 
		rotation				 "90.000"  to "5.000"
		randomDistribution				1
		boundsExpansion				0.000
		fadeIn				0.500
		fadeOut				1.000
		fadeIndex				0.000
		color 				0.260 0.310 0.350 1.000
		fadeColor 			0.000 0.000 0.000 0.000
		offset 				0.000 0.000 0.000
		gravity 			world 13.000
	}
	{
		count				8
		material			textures/particles/s_lightning_whi
		time				0.500
		cycles				1.000
		bunching			0.000
		distribution		rect 50.000 50.000 50.000 
		direction			outward "0.000" 
		orientation			aimed 1.000 0.800 
		speed				 "100.000"  to "0.000"
		size				 "9.000"  to "7.500"
		aspect				 "1.000"  to "0.000"
		randomDistribution				1
		boundsExpansion				0.000
		fadeIn				0.000
		fadeOut				1.000
		fadeIndex				0.900
		color 				0.370 0.520 0.860 1.000
		fadeColor 			0.000 0.000 0.000 0.000
		offset 				10.000 10.000 10.000
		gravity 			150.000
	}
}

/*
	Generated by the Particle Editor.
	To use the particle editor, launch the game and type 'editParticles' on the console.
*/
particle obihb_qshambler_smoke01 {
	{
		count				12
		material			textures/particles/preamble
		time				1.000
		cycles				0.000
		deadTime			2.000
		bunching			1.000
		distribution		rect 1.000 1.000 1.000 
		direction			outward "0.000" 
		orientation			view 
		speed				 "35.000"  to "0.000"
		size				 "10.000"  to "30.000"
		aspect				 "1.000" 
		randomDistribution				1
		boundsExpansion				0.000
		fadeIn				1.000
		fadeOut				1.000
		fadeIndex				0.500
		color 				0.790 0.800 1.000 1.000
		fadeColor 			0.000 0.000 0.000 0.000
		offset 				0.000 0.000 0.000
		gravity 			world -20.000
	}
	{
		count				5
		material			textures/particles/s_lightning
		time				0.100
		cycles				0.000
		bunching			1.000
		distribution		sphere 1.000 1.000 1.000 
		direction			cone "90.000" 
		orientation			aimed 0.000 0.100 
		speed				 "154.000"  to "90.000"
		size				 "4.000" 
		aspect				 "1.000" 
		randomDistribution				1
		boundsExpansion				0.000
		fadeIn				0.000
		fadeOut				0.000
		fadeIndex				1.000
		color 				0.480 0.560 1.000 1.000
		fadeColor 			0.000 0.000 0.000 0.000
		offset 				0.000 0.000 0.000
		gravity 			1.000
	}
}

/*
	Generated by the Particle Editor.
	To use the particle editor, launch the game and type 'editParticles' on the console.
*/
particle obihb_qshambler_smoke02 {
	{
		count				12
		material			textures/particles/preamble
		time				1.000
		cycles				0.000
		timeOffset			0.000
		deadTime			2.000
		bunching			1.000
		distribution		rect 1.000 1.000 1.000 
		direction			outward "0.000" 
		orientation			view 
		speed				 "35.000"  to "0.000"
		size				 "10.000"  to "30.000"
		aspect				 "1.000" 
		randomDistribution				1
		boundsExpansion				0.000
		fadeIn				1.000
		fadeOut				1.000
		fadeIndex				0.500
		color 				0.790 0.800 1.000 1.000
		fadeColor 			0.000 0.000 0.000 0.000
		offset 				0.000 0.000 0.000
		gravity 			world -20.000
	}
	{
		count				5
		material			textures/particles/s_lightning
		time				0.100
		cycles				0.000
		timeOffset			1.000
		deadTime			1.000
		bunching			1.000
		distribution		sphere 1.000 1.000 1.000 
		direction			cone "90.000" 
		orientation			aimed 0.000 0.100 
		speed				 "154.000"  to "90.000"
		size				 "4.000" 
		aspect				 "1.000" 
		randomDistribution				1
		boundsExpansion				0.000
		fadeIn				0.000
		fadeOut				0.000
		fadeIndex				1.000
		color 				0.480 0.560 1.000 1.000
		fadeColor 			0.000 0.000 0.000 0.000
		offset 				0.000 0.000 0.000
		gravity 			1.000
	}
}