

/*
	Generated by the Particle Editor.
	To use the particle editor, launch the game and type 'editParticles' on the console.
*/
particle obihb_qvore_rocket_trail {
	{
		count				6
		material			textures/particles/barrelpoof
		time				1.000
		cycles				0.000
		bunching			1.000
		distribution		rect 0.000 0.000 0.000 
		direction			cone "0.000" 
		orientation			view 
		speed				 "13.000"  to "21.000"
		size				 "17.500"  to "30.000"
		aspect				 "1.000" 
		rotation				 "6.000"  to "12.000"
		randomDistribution				1
		boundsExpansion				0.000
		fadeIn				0.450
		fadeOut				1.000
		fadeIndex				0.000
		color 				0.460 0.440 0.530 1.000
		fadeColor 			0.100 0.100 0.100 0.000
		offset 				0.000 0.000 0.000
		gravity 			world -8.000
	}
	{
		count				30
		material			textures/particles/rocketbacklit
		time				1.200
		cycles				0.000
		bunching			1.000
		distribution		rect 8.000 8.000 8.000 
		direction			cone "90.000" 
		orientation			view 
		speed				 "13.000"  to "21.000"
		size				 "5.500"  to "25.000"
		aspect				 "1.000" 
		rotation				 "100.000"  to "200.000"
		randomDistribution				1
		boundsExpansion				0.000
		fadeIn				0.050
		fadeOut				0.500
		fadeIndex				0.000
		color 				0.180 0.290 0.560 1.000
		fadeColor 			0.000 0.000 0.000 1.000
		offset 				0.000 0.000 0.000
		gravity 			world -8.000
	}
	{
		count				60
		material			textures/particles/smokepuff
		time				1.200
		cycles				0.000
		bunching			1.000
		distribution		rect 4.000 4.000 4.000 
		direction			outward "0.000" 
		orientation			view 
		speed				 "30.000"  to "15.000"
		size				 "2.000"  to "0.000"
		aspect				 "1.000" 
		rotation				 "500.000" 
		randomDistribution				1
		boundsExpansion				0.000
		fadeIn				0.000
		fadeOut				0.500
		fadeIndex				0.000
		color 				0.270 0.270 0.560 1.000
		fadeColor 			0.990 0.810 0.020 1.000
		offset 				0.000 0.000 0.000
		gravity 			80.000
	}
}

/*
	Generated by the Particle Editor.
	To use the particle editor, launch the game and type 'editParticles' on the console.
*/
particle obihb_qvore_rocket_explode {
	depthHack	50
	{
		count				3
		material			textures/particles/boomboom
		time				0.150
		cycles				1.000
		deadTime			1.000
		bunching			0.300
		distribution		rect 24.000 24.000 0.000 
		direction			outward "0.500" 
		orientation			view 
		speed				 "100.000" 
		size				 "42.000"  to "100.000"
		aspect				 "1.000"  to "2.000"
		randomDistribution				1
		boundsExpansion				0.000
		fadeIn				0.100
		fadeOut				1.000
		fadeIndex				0.000
		color 				0.560 0.740 1.000 1.000
		fadeColor 			0.100 0.000 0.000 0.000
		offset 				0.000 0.000 0.000
		gravity 			0.000
	}
	{
		count				6
		material			textures/particles/smokepuff
		time				1.000
		cycles				1.000
		bunching			0.100
		distribution		rect 32.000 32.000 0.000 
		direction			outward "0.000" 
		orientation			view 
		speed				 "25.000"  to "5.000"
		size				 "43.000"  to "72.000"
		aspect				 "1.000" 
		rotation				 "20.000"  to "0.000"
		randomDistribution				1
		boundsExpansion				0.000
		fadeIn				0.400
		fadeOut				1.000
		fadeIndex				0.000
		color 				0.180 0.310 0.580 1.000
		fadeColor 			0.000 0.000 0.000 1.000
		offset 				0.000 0.000 0.000
		gravity 			0.000
	}
	{
		count				16
		material			textures/particles/barrelpoof
		time				1.500
		cycles				1.000
		bunching			0.200
		distribution		cylinder 64.000 64.000 0.000 0.000 
		direction			outward "0.500" 
		orientation			aimed 0.000 1.000 
		speed				 "56.000"  to "0.000"
		size				 "43.000"  to "42.000"
		aspect				 "1.000" 
		rotation				 "90.000"  to "0.000"
		randomDistribution				1
		boundsExpansion				0.000
		fadeIn				0.600
		fadeOut				1.000
		fadeIndex				0.000
		color 				0.150 0.190 0.220 1.000
		fadeColor 			0.120 0.100 0.090 0.000
		offset 				0.000 0.000 -16.000
		gravity 			0.000
	}
	{
		count				1
		material			textures/particles/boomboom2
		time				0.150
		cycles				1.000
		deadTime			1.000
		bunching			0.300
		distribution		rect 24.000 24.000 0.000 
		direction			outward "0.500" 
		orientation			view 
		speed				 "100.000" 
		size				 "42.000"  to "100.000"
		aspect				 "1.000" 
		randomDistribution				1
		boundsExpansion				0.000
		fadeIn				0.100
		fadeOut				0.950
		fadeIndex				0.000
		color 				1.000 0.770 0.590 1.000
		fadeColor 			0.100 0.000 0.000 0.000
		offset 				0.000 0.000 0.000
		gravity 			0.000
	}
	{
		count				1
		material			textures/sfx/vpring3
		time				0.400
		cycles				1.000
		bunching			1.000
		distribution		rect 0.000 0.000 0.000 
		direction			cone "0.500" 
		orientation			view 
		speed				 "0.000" 
		size				 "1.000"  to "200.000"
		aspect				 "1.000" 
		randomDistribution				1
		boundsExpansion				0.000
		fadeIn				0.000
		fadeOut				0.150
		fadeIndex				0.000
		color 				1.000 1.000 1.000 1.000
		fadeColor 			0.000 0.000 0.000 0.000
		offset 				0.000 0.000 0.000
		gravity 			world 0.000
	}
}