/*
	Generated by the Particle Editor.
	To use the particle editor, launch the game and type 'editParticles' on the console.
*/
particle obihb_glass_red1 {
	{
		count				6
		material			textures/obihb/glass_shard_red1
		time				1.000
		cycles				1.000
		bunching			0.050
		distribution		rect 80.000 40.000 4.000 
		direction			cone "1.000" 
		orientation			aimed 0.000 0.020 
		speed				 "300.000"  to "0.000"
		size				 "16.000" 
		aspect				 "1.000" 
		rotation				 "400.000"  to "600.000"
		randomDistribution				1
		boundsExpansion				0.000
		fadeIn				0.000
		fadeOut				0.000
		fadeIndex				0.000
		color 				1.000 1.000 1.000 1.000
		fadeColor 			0.000 0.000 0.000 0.000
		offset 				0.000 0.000 0.000
		gravity 			world 235.000
	}
	{
		count				8
		material			textures/obihb/glass_shard_red2
		time				1.000
		cycles				1.000
		bunching			0.100
		distribution		rect 80.000 40.000 4.000 
		direction			cone "90.000" 
		orientation			aimed 0.000 0.020 
		speed				 "200.000"  to "0.000"
		size				 "8.000" 
		aspect				 "1.000" 
		rotation				 "800.000"  to "1000.000"
		randomDistribution				1
		boundsExpansion				0.000
		fadeIn				0.000
		fadeOut				0.000
		fadeIndex				0.000
		color 				1.000 1.000 1.000 1.000
		fadeColor 			0.000 0.000 0.000 0.000
		offset 				0.000 0.000 0.000
		gravity 			world 235.000
	}
	{
		count				120
		material			textures/obihb/glass_chips1
		time				0.750
		cycles				1.000
		bunching			0.000
		distribution		rect 60.000 30.000 8.000 
		direction			cone "45.000" 
		orientation			aimed 0.000 0.020 
		speed				 "200.000"  to "0.000"
		size				 "8.000"  to "16.000"
		aspect				 "1.000" 
		rotation				 "200.000"  to "300.000"
		randomDistribution				1
		boundsExpansion				0.000
		fadeIn				0.000
		fadeOut				1.000
		fadeIndex				0.000
		color 				0.640 0.540 0.400 1.000
		fadeColor 			0.000 0.000 0.000 0.000
		offset 				0.000 0.000 0.000
		gravity 			world 120.000
	}
	{
		count				40
		material			textures/particles/preamble
		time				0.500
		cycles				1.000
		bunching			0.000
		distribution		rect 60.000 30.000 4.000 
		direction			cone "90.000" 
		orientation			aimed 0.000 0.020 
		speed				 "50.000"  to "0.000"
		size				 "4.000"  to "64.000"
		aspect				 "1.000" 
		randomDistribution				1
		boundsExpansion				0.000
		fadeIn				0.100
		fadeOut				0.500
		fadeIndex				0.500
		color 				0.560 0.510 0.400 1.000
		fadeColor 			0.000 0.000 0.000 0.000
		offset 				0.000 0.000 0.000
		gravity 			world 60.000
	}
}

/*
	Generated by the Particle Editor.
	To use the particle editor, launch the game and type 'editParticles' on the console.
*/
particle obihb_glass_purple1 {
	{
		count				6
		material			textures/obihb/glass_shard_purple1
		time				1.000
		cycles				1.000
		bunching			0.050
		distribution		rect 80.000 40.000 4.000 
		direction			cone "1.000" 
		orientation			aimed 0.000 0.020 
		speed				 "300.000"  to "0.000"
		size				 "16.000" 
		aspect				 "1.000" 
		rotation				 "400.000"  to "600.000"
		randomDistribution				1
		boundsExpansion				0.000
		fadeIn				0.000
		fadeOut				0.000
		fadeIndex				0.000
		color 				1.000 1.000 1.000 1.000
		fadeColor 			0.000 0.000 0.000 0.000
		offset 				0.000 0.000 0.000
		gravity 			world 235.000
	}
	{
		count				8
		material			textures/obihb/glass_shard_purple2
		time				1.000
		cycles				1.000
		bunching			0.100
		distribution		rect 80.000 40.000 4.000 
		direction			cone "90.000" 
		orientation			aimed 0.000 0.020 
		speed				 "200.000"  to "0.000"
		size				 "8.000" 
		aspect				 "1.000" 
		rotation				 "800.000"  to "1000.000"
		randomDistribution				1
		boundsExpansion				0.000
		fadeIn				0.000
		fadeOut				0.000
		fadeIndex				0.000
		color 				1.000 1.000 1.000 1.000
		fadeColor 			0.000 0.000 0.000 0.000
		offset 				0.000 0.000 0.000
		gravity 			world 235.000
	}
	{
		count				120
		material			textures/obihb/glass_chips1
		time				0.750
		cycles				1.000
		bunching			0.000
		distribution		rect 60.000 30.000 8.000 
		direction			cone "45.000" 
		orientation			aimed 0.000 0.020 
		speed				 "200.000"  to "0.000"
		size				 "8.000"  to "16.000"
		aspect				 "1.000" 
		rotation				 "200.000"  to "300.000"
		randomDistribution				1
		boundsExpansion				0.000
		fadeIn				0.000
		fadeOut				1.000
		fadeIndex				0.000
		color 				0.640 0.540 0.400 1.000
		fadeColor 			0.000 0.000 0.000 0.000
		offset 				0.000 0.000 0.000
		gravity 			world 120.000
	}
	{
		count				40
		material			textures/particles/preamble
		time				0.500
		cycles				1.000
		bunching			0.000
		distribution		rect 60.000 30.000 4.000 
		direction			cone "90.000" 
		orientation			aimed 0.000 0.020 
		speed				 "50.000"  to "0.000"
		size				 "4.000"  to "64.000"
		aspect				 "1.000" 
		randomDistribution				1
		boundsExpansion				0.000
		fadeIn				0.100
		fadeOut				0.500
		fadeIndex				0.500
		color 				0.560 0.510 0.400 1.000
		fadeColor 			0.000 0.000 0.000 0.000
		offset 				0.000 0.000 0.000
		gravity 			world 60.000
	}
}
